[DEBUG][2018-06-24 19:17:44,704][oa_login_check.py][if_logined][36][账号密码格式错误或为空]
[DEBUG][2018-06-24 19:17:48,315][oa_login_check.py][if_logined][36][账号密码格式错误或为空]
[DEBUG][2018-06-24 19:17:51,919][oa_login_check.py][if_logined][36][账号密码格式错误或为空]
[DEBUG][2018-06-24 19:18:13,280][oa_login_check.py][if_logined][36][账号密码格式错误或为空]
[DEBUG][2018-06-24 19:18:16,879][oa_login_check.py][if_logined][36][账号密码格式错误或为空]
[DEBUG][2018-06-24 19:18:20,481][oa_login_check.py][if_logined][36][账号密码格式错误或为空]
[DEBUG][2018-06-24 19:18:24,078][oa_login_check.py][if_logined][36][账号密码格式错误或为空]
[DEBUG][2018-06-24 19:18:27,600][oa_login_check.py][if_logined][36][账号密码格式错误或为空]
[DEBUG][2018-06-24 19:19:02,583][oa_login_check.py][if_logined][36][账号密码格式错误或为空]
[DEBUG][2018-06-24 19:19:06,185][oa_login_check.py][if_logined][36][账号密码格式错误或为空]
[DEBUG][2018-06-24 19:19:09,699][oa_login_check.py][if_logined][36][账号密码格式错误或为空]
[DEBUG][2018-06-24 19:19:13,323][oa_login_check.py][if_logined][36][账号密码格式错误或为空]
[DEBUG][2018-06-24 19:19:16,855][oa_login_check.py][if_logined][36][账号密码格式错误或为空]
[DEBUG][2018-06-24 19:19:20,454][oa_login_check.py][if_logined][36][账号密码格式错误或为空]
[DEBUG][2018-06-24 19:19:24,059][oa_login_check.py][if_logined][36][账号密码格式错误或为空]
[DEBUG][2018-06-24 19:19:27,723][oa_login_check.py][if_logined][36][账号密码格式错误或为空]
[DEBUG][2018-06-24 19:19:31,273][oa_login_check.py][if_logined][36][账号密码格式错误或为空]
[DEBUG][2018-06-24 19:19:34,901][oa_login_check.py][if_logined][36][账号密码格式错误或为空]
[DEBUG][2018-06-24 19:19:38,500][oa_login_check.py][if_logined][36][账号密码格式错误或为空]
[DEBUG][2018-06-24 19:21:44,674][oa_login_check.py][if_logined][36][账号密码格式错误或为空]
[DEBUG][2018-06-24 19:21:48,270][oa_login_check.py][if_logined][36][账号密码格式错误或为空]
[DEBUG][2018-06-24 19:21:51,873][oa_login_check.py][if_logined][36][账号密码格式错误或为空]
[DEBUG][2018-06-24 19:21:55,473][oa_login_check.py][if_logined][36][账号密码格式错误或为空]
[DEBUG][2018-06-24 19:21:59,086][oa_login_check.py][if_logined][36][账号密码格式错误或为空]
[DEBUG][2018-06-24 19:22:02,685][oa_login_check.py][if_logined][36][账号密码格式错误或为空]
[DEBUG][2018-06-24 19:22:54,748][crack_oa.py][crack_oa_fun][22][123456]
[DEBUG][2018-06-24 19:22:54,748][crack_oa.py][crack_oa_fun][23][成功获取密码]
[DEBUG][2018-06-24 19:23:52,733][crack_oa.py][crack_oa_fun][22][123456]
[DEBUG][2018-06-24 19:23:52,733][crack_oa.py][crack_oa_fun][23][成功获取密码]
[DEBUG][2018-06-24 19:28:06,913][crack_oa.py][crack_oa_fun][19][4636574534logined]
[DEBUG][2018-06-24 19:28:06,913][crack_oa.py][crack_oa_fun][22][成功获取密码]
[DEBUG][2018-06-24 19:28:06,913][crack_oa.py][crack_oa_fun][23][4636574534]
[DEBUG][2018-06-24 19:28:35,008][crack_oa.py][crack_oa_fun][19][4636574534logined]
[DEBUG][2018-06-24 19:28:35,009][crack_oa.py][crack_oa_fun][22][成功获取密码4636574534]
[DEBUG][2018-06-24 19:28:35,009][crack_oa.py][crack_oa_fun][23][4636574534]
[DEBUG][2018-06-24 19:28:53,032][crack_oa.py][crack_oa_fun][19][4636574534   logined]
[DEBUG][2018-06-24 19:28:53,032][crack_oa.py][crack_oa_fun][22][成功获取密码   4636574534]
[DEBUG][2018-06-24 19:28:53,033][crack_oa.py][crack_oa_fun][23][4636574534]
[DEBUG][2018-06-24 19:29:02,688][crack_oa.py][crack_oa_fun][19][4636574534   logined]
[DEBUG][2018-06-24 19:29:02,689][crack_oa.py][crack_oa_fun][22][成功获取密码   4636574534]
