[DEBUG][2018-06-14 16:32:36,329][myprogram2.py][read_cookie][15][<class 'http.cookiejar.CookieJar'>]
[DEBUG][2018-06-14 16:34:30,418][myprogram2.py][read_cookie][16][<class 'urllib.request.HTTPCookieProcessor'>]
[DEBUG][2018-06-14 16:42:47,826][myprogram2.py][read_cookie][28][BAIDUID=035775BBCDE8190137DF39D23639AD98:FG=1;
BIDUPSID=035775BBCDE8190137DF39D23639AD98;
H_PS_PSSID=1429_21083_26350_26578_22073;
PSTM=1528965767;
BDSVRTM=0;
BD_HOME=0;
]
[DEBUG][2018-06-14 16:43:07,738][myprogram2.py][read_cookie][28][BAIDUID=F5EDE1F92CD2F6D67DC3720E61727FC9:FG=1;
BIDUPSID=F5EDE1F92CD2F6D67DC3720E61727FC9;
H_PS_PSSID=1466_26458_21091_26578_22157;
PSTM=1528965787;
BDSVRTM=0;
BD_HOME=0;
]
[DEBUG][2018-06-14 18:33:49,728][myprogram2.py][read_cookie][27][BAIDUID=992EB9FA549A5789DD478F3D9EB14225:FG=1;
BIDUPSID=992EB9FA549A5789DD478F3D9EB14225;
H_PS_PSSID=1448_21114_26432_26577;
PSTM=1528972429;
BDSVRTM=0;
BD_HOME=0;
]
[DEBUG][2018-06-14 19:02:35,890][myprogram2.py][<module>][60][Bdpagetype: 1
Bdqid: 0x9adb9a05000295a9
Cache-Control: private
Content-Type: text/html
Cxy_all: baidu+9d0d7d0b14dc5903d757ac577a57a49a
Date: Thu, 14 Jun 2018 11:02:35 GMT
Expires: Thu, 14 Jun 2018 11:02:23 GMT
Server: BWS/1.1
Set-Cookie: BDSVRTM=0; path=/
Set-Cookie: BD_HOME=0; path=/
Set-Cookie: H_PS_PSSID=1455_21111_26579_20928; path=/; domain=.baidu.com
Vary: Accept-Encoding
X-Ua-Compatible: IE=Edge,chrome=1
Connection: close
Transfer-Encoding: chunked

]
[DEBUG][2018-06-15 11:30:55,442][myprogram2.py][login_51zixue][106][<class 'bytes'>]
[DEBUG][2018-06-15 11:33:38,795][myprogram2.py][login_51zixue][106][<class 'bytes'>]
[DEBUG][2018-06-15 11:34:27,024][myprogram2.py][login_51zixue][106][<class 'bytes'>]
[DEBUG][2018-06-16 12:32:25,780][myprogram2.py][wordcloud][140][<class 'generator'>]
[DEBUG][2018-06-16 12:32:44,930][myprogram2.py][wordcloud][140][<class 'generator'>]
[DEBUG][2018-06-16 12:36:11,771][myprogram2.py][wordcloud][140][<class 'generator'>]
[DEBUG][2018-06-16 13:27:42,993][myprogram2.py][use_jieba][141][<class 'str'>]
[DEBUG][2018-06-16 13:28:19,883][myprogram2.py][use_jieba][141][<class 'str'>]
[DEBUG][2018-06-16 15:26:32,143][myprogram2.py][create_wordcloud][173][<class 'wordcloud.wordcloud.WordCloud'>]
[DEBUG][2018-06-16 15:27:39,289][myprogram2.py][create_wordcloud][173][<class 'wordcloud.wordcloud.WordCloud'>]
[DEBUG][2018-06-16 15:29:27,381][myprogram2.py][create_wordcloud][173][<class 'wordcloud.wordcloud.WordCloud'>]
[DEBUG][2018-06-16 15:29:42,656][myprogram2.py][create_wordcloud][173][<class 'wordcloud.wordcloud.WordCloud'>]
[DEBUG][2018-06-16 15:32:23,369][myprogram2.py][create_wordcloud][173][<class 'wordcloud.wordcloud.WordCloud'>]
[DEBUG][2018-06-16 15:33:01,844][myprogram2.py][create_wordcloud][173][<class 'wordcloud.wordcloud.WordCloud'>]
[DEBUG][2018-06-16 15:36:32,968][myprogram2.py][create_wordcloud][172][<class 'wordcloud.wordcloud.WordCloud'>]
[DEBUG][2018-06-16 15:37:31,699][myprogram2.py][create_wordcloud][172][<class 'wordcloud.wordcloud.WordCloud'>]
[DEBUG][2018-06-16 15:38:36,131][myprogram2.py][create_wordcloud][172][<class 'wordcloud.wordcloud.WordCloud'>]
[DEBUG][2018-06-16 15:40:04,912][myprogram2.py][create_wordcloud][172][<class 'wordcloud.wordcloud.WordCloud'>]
[DEBUG][2018-06-16 15:42:12,278][myprogram2.py][create_wordcloud][173][<class 'wordcloud.wordcloud.WordCloud'>]
[DEBUG][2018-06-16 15:48:05,507][myprogram2.py][create_wordcloud][179][<class 'wordcloud.wordcloud.WordCloud'>]
[DEBUG][2018-06-16 15:48:17,605][myprogram2.py][dowload_image][166][<class 'tuple'>]
[DEBUG][2018-06-16 15:48:17,663][myprogram2.py][create_wordcloud][180][<class 'wordcloud.wordcloud.WordCloud'>]
[DEBUG][2018-06-16 15:49:39,346][myprogram2.py][dowload_image][166][('5.jpg', <http.client.HTTPMessage object at 0x7fdc8139d5c0>)]
[DEBUG][2018-06-16 15:49:39,405][myprogram2.py][create_wordcloud][180][<class 'wordcloud.wordcloud.WordCloud'>]
[DEBUG][2018-06-16 15:51:34,667][myprogram2.py][dowload_image][166][Server: bfe/1.0.8.13-sslpool-patch
Date: Sat, 16 Jun 2018 07:51:34 GMT
Content-Type: image/jpeg
Content-Length: 4592
Connection: close
ETag: "5971c998-19ec"
Last-Modified: Fri, 21 Jul 2017 09:30:00 GMT
Expires: Tue, 13 Jun 2028 07:47:24 GMT
Age: 250
Cache-Control: max-age=315360000
Accept-Ranges: bytes
Image-Center-Request-Id: 3e4cf74edacc34936601329023e7a086
X-Img-Generate-Time: 1529135244
X-Img-Original-Height: 208
X-Img-Original-Size: 6636
X-Img-Original-Width: 400
X-Img-Thumnail-Height: 208
X-Img-Thumnail-Size: 4592
X-Img-Thumnail-Width: 400
Ohc-Response-Time: 1 0 0 0 0 0

]
[DEBUG][2018-06-16 15:51:34,727][myprogram2.py][create_wordcloud][180][<class 'wordcloud.wordcloud.WordCloud'>]
[DEBUG][2018-06-16 15:51:49,934][myprogram2.py][dowload_image][166][5.jpg]
[DEBUG][2018-06-16 15:51:49,997][myprogram2.py][create_wordcloud][180][<class 'wordcloud.wordcloud.WordCloud'>]
[DEBUG][2018-06-16 15:52:23,308][myprogram2.py][create_wordcloud][179][<class 'wordcloud.wordcloud.WordCloud'>]
[DEBUG][2018-06-16 15:52:33,681][myprogram2.py][create_wordcloud][179][<class 'wordcloud.wordcloud.WordCloud'>]
[DEBUG][2018-06-16 15:52:53,462][myprogram2.py][create_wordcloud][179][<class 'wordcloud.wordcloud.WordCloud'>]
[DEBUG][2018-06-16 15:54:14,871][myprogram2.py][create_wordcloud][179][<class 'wordcloud.wordcloud.WordCloud'>]
[DEBUG][2018-06-16 15:55:43,770][myprogram2.py][create_wordcloud][180][<class 'wordcloud.wordcloud.WordCloud'>]
