[DEBUG][2018-06-19 17:45:51,174][qiushibaike.py][get_qiushi][27][说说初中的事，上初中住校，在一个平平常常的一天，因为晚自习睡觉了，回宿舍睡不着觉，洗漱完和同学聊了会天就熄灯了，(有小台灯，放电池的那种)因为晚自习我睡觉了，就随便拿了本书看，英语书，然后看插画，还嘿嘿笑，吓得下铺的同学差点哭了，看着看着就看英语单词，然后就开始背，最后把单词表全背下来了。第二天兴奋的去找英语老师说我把整个单词表都背下来了，老师不信，就抽查我，最后老师惊呆。	
去菜市场买菜，旁边摊位的顾客和摊主因为退货正在吵架。顾客：“你就是一个傻b！”摊主：“对！我傻b，你的b机灵，吹个哨儿听听呀！	
五岁的儿子缠着我，让我给他买玩具。	
我说：你这些个玩具都还好好的，等玩坏了，再给你买新的。	
然后儿子咣当把一个玩具扔地下摔碎了……	
儿子说：妈妈，我手一哆嗦，不小心摔坏了一个，再给我买个新的吧。	
多记点东西对自己有益无害。	
太讨厌了，到了楼梯口了，你怎么能停下呢，你是想起了什么吗，你不知道后面很多人吗？害得我们狠狠的青春撞碰，幸亏紧紧跟在你后面的是我，幸亏哥的胳膊够长，幸亏哥有大力士的臂膀，幸亏你的腰够细，要不就让你的性感滚下楼梯。	
我根本没有鄙视的意思，就是科普	
冰岛33万人口都能选出这么11个球员，反观亚洲某个国家坐拥十几亿人口却连个世界杯都进不了，真是替印度感到丢脸[哀怨]	
气氛缓和！！！！！	
俄罗斯世界杯上白岩松调侃中国除了足球队都来了，对此话国足球员张呈栋说：我们为世界杯也付出了很多！         我从未见过如此厚颜无耻之人！	
感叹！生命的顽强	
小时候和姐姐在我家玩，把老爸最喜欢的砚台摔碎了。老爸回来后把我俩叫道一起问是谁干的，我本来想说是和姐姐一起玩不小心打碎的，结果老姐先看了我一眼，然后叹了口气，说是她摔碎的。然后老爸把我暴打了一顿。。	
带三年级的侄子上学，他碰到穿同样校服的就打招呼，唯独遇到一个小女孩，他俩都板着脸不吭声。	
我问他：“你和她有矛盾吗？”	
他：“那是我女朋友，地下恋情都这样的。”	
能配这纹身的衣服不多啊	
低价转卖18k钻石会员	
塔克拉玛干海景房一套，不讲价，少一个砖头都不行	
唉！哥还是这么帅。。。	
这个emm……好像真是这样	
天热穿长裤不喜欢穿内裤，临下班了才发现屁股兜下面开了个10公分左右的口子，终于明白了中午几个女客户为啥笑得那么意味深长了。。。。。。	
各位糗友，帮忙找个人。宁夏石嘴山的一个姑娘。名字叫做王海灵。2009年在银川上大学。拜谢各位糗友了。	
小时候的走进科学，是最初的标题党	
就刚刚，，，不割，留着撸，，，老妈看到别的小伙伴都结婚了，有了自己的孩子，，老妈盯着小孩看，，，看着看着扭头问我你多大了，，，我现在发现一个很严重的问题，，，我是亲生的吗？唉，，80后伤不起，，，，	
刚出来上班那会，有一天跟其他部门的小姐姐在车间讲话，刚好看到外面有个女的经过，我就说这女的怎么长的跟个男人似的，结果旁边小姐姐说，那是我姐……为了打破尴尬，我随口说了句你们姊妹俩真像……像……[流鼻血]	
看铁齿铜牙纪晓岚才明白乾隆为啥喜欢和珅，因为他不结党营私！出了钱之外和珅还是对乾隆最衷心的！	
二货同事给我打电话：你在哪，干嘛嘞。	
我回复：姿势下蹲，脸部抽搐，下身气聚丹田发放内力中。	
二货同事：说人话。	
我：蹲坑。	
二货同事：哦，等会儿你帮我留一碗。	
……就挂断就没然后了……现在我在纠结等会我该不该去把他的碗给拿来盛一碗满满的给他……	
一句话，端午节三天假打了三天临时工挣了450，老婆在家被网上刷单诈骗的骗去了4000多。	
某天公司连班，饿的头晕。刚好有一个萌妹纸要去买吃的	
咯咯咯咯	
"帮我带个鸭腿回来"	
"好的"妹纸蹦蹦跳跳的去了	
"喏，你要的鸭头。"	
"我特么说的是鸭腿…"	
"我知道啊，老板说鸭头就是鸭嘴！！！"	
我……	
]
[DEBUG][2018-06-19 17:48:31,911][qiushibaike.py][get_qiushi][27][说说初中的事，上初中住校，在一个平平常常的一天，因为晚自习睡觉了，回宿舍睡不着觉，洗漱完和同学聊了会天就熄灯了，(有小台灯，放电池的那种)因为晚自习我睡觉了，就随便拿了本书看，英语书，然后看插画，还嘿嘿笑，吓得下铺的同学差点哭了，看着看着就看英语单词，然后就开始背，最后把单词表全背下来了。第二天兴奋的去找英语老师说我把整个单词表都背下来了，老师不信，就抽查我，最后老师惊呆。	
去菜市场买菜，旁边摊位的顾客和摊主因为退货正在吵架。顾客：“你就是一个傻b！”摊主：“对！我傻b，你的b机灵，吹个哨儿听听呀！	
五岁的儿子缠着我，让我给他买玩具。	
我说：你这些个玩具都还好好的，等玩坏了，再给你买新的。	
然后儿子咣当把一个玩具扔地下摔碎了……	
儿子说：妈妈，我手一哆嗦，不小心摔坏了一个，再给我买个新的吧。	
多记点东西对自己有益无害。	
太讨厌了，到了楼梯口了，你怎么能停下呢，你是想起了什么吗，你不知道后面很多人吗？害得我们狠狠的青春撞碰，幸亏紧紧跟在你后面的是我，幸亏哥的胳膊够长，幸亏哥有大力士的臂膀，幸亏你的腰够细，要不就让你的性感滚下楼梯。	
我根本没有鄙视的意思，就是科普	
冰岛33万人口都能选出这么11个球员，反观亚洲某个国家坐拥十几亿人口却连个世界杯都进不了，真是替印度感到丢脸[哀怨]	
气氛缓和！！！！！	
俄罗斯世界杯上白岩松调侃中国除了足球队都来了，对此话国足球员张呈栋说：我们为世界杯也付出了很多！         我从未见过如此厚颜无耻之人！	
感叹！生命的顽强	
小时候和姐姐在我家玩，把老爸最喜欢的砚台摔碎了。老爸回来后把我俩叫道一起问是谁干的，我本来想说是和姐姐一起玩不小心打碎的，结果老姐先看了我一眼，然后叹了口气，说是她摔碎的。然后老爸把我暴打了一顿。。	
带三年级的侄子上学，他碰到穿同样校服的就打招呼，唯独遇到一个小女孩，他俩都板着脸不吭声。	
我问他：“你和她有矛盾吗？”	
他：“那是我女朋友，地下恋情都这样的。”	
能配这纹身的衣服不多啊	
低价转卖18k钻石会员	
塔克拉玛干海景房一套，不讲价，少一个砖头都不行	
唉！哥还是这么帅。。。	
这个emm……好像真是这样	
天热穿长裤不喜欢穿内裤，临下班了才发现屁股兜下面开了个10公分左右的口子，终于明白了中午几个女客户为啥笑得那么意味深长了。。。。。。	
各位糗友，帮忙找个人。宁夏石嘴山的一个姑娘。名字叫做王海灵。2009年在银川上大学。拜谢各位糗友了。	
小时候的走进科学，是最初的标题党	
就刚刚，，，不割，留着撸，，，老妈看到别的小伙伴都结婚了，有了自己的孩子，，老妈盯着小孩看，，，看着看着扭头问我你多大了，，，我现在发现一个很严重的问题，，，我是亲生的吗？唉，，80后伤不起，，，，	
刚出来上班那会，有一天跟其他部门的小姐姐在车间讲话，刚好看到外面有个女的经过，我就说这女的怎么长的跟个男人似的，结果旁边小姐姐说，那是我姐……为了打破尴尬，我随口说了句你们姊妹俩真像……像……[流鼻血]	
看铁齿铜牙纪晓岚才明白乾隆为啥喜欢和珅，因为他不结党营私！出了钱之外和珅还是对乾隆最衷心的！	
二货同事给我打电话：你在哪，干嘛嘞。	
我回复：姿势下蹲，脸部抽搐，下身气聚丹田发放内力中。	
二货同事：说人话。	
我：蹲坑。	
二货同事：哦，等会儿你帮我留一碗。	
……就挂断就没然后了……现在我在纠结等会我该不该去把他的碗给拿来盛一碗满满的给他……	
一句话，端午节三天假打了三天临时工挣了450，老婆在家被网上刷单诈骗的骗去了4000多。	
某天公司连班，饿的头晕。刚好有一个萌妹纸要去买吃的	
咯咯咯咯	
"帮我带个鸭腿回来"	
"好的"妹纸蹦蹦跳跳的去了	
"喏，你要的鸭头。"	
"我特么说的是鸭腿…"	
"我知道啊，老板说鸭头就是鸭嘴！！！"	
我……	
]
[DEBUG][2018-06-19 17:50:00,756][qiushibaike.py][get_qiushi][27][正在路上走着，一个提着个塑料袋的小男孩，大概七八岁吧，看样子又累又饿，拦着我，说借个手机打电话给妈妈。	
我按他提供的号码，拨了过去，开了免提。	
他说：妈，爸打我，我走了，再也不回去了，就算你找到我，我也不会回的……	
他妈：现在你在哪里？  我去找你，等我们回去之后，骂死你爸爸……	
然后，他就开开心心的等着。	
大概十来分钟，小男孩高兴地扑向一个女人，却被逮着就是一顿揍。	
终于带相亲的妹子回家了，洗完澡，关键时刻我拿出准备已久的套套，女朋友看着套套愤怒的扔在了我脸上，说“你是有多抠，这套套都过期这么久了……”	
确实，这个套套是几年前路上有人发给我的，我也不知道我是过了这么久才用上的啊，好想哭……	
刚刚和老婆去广场散步，我两个都发了个朋友圈，谁能陪我跑步？共同健身。朋友纷纷评论。结果我老婆的朋友评论厉害了，说大姐，我实在不敢去，怕你跌倒了扶不动！！我擦，扶不动！	
父亲节的时候，老公说：父亲节了，老婆，你要送我点什么礼物啊？	
我说：你过节要礼物，给咱儿子要去，关我什么事啊！	
老公坏坏的说：是谁经常半夜叫我爸爸啊？是谁？是谁？	
都在发车牌 我来发个我们铁路的~	
今天在大群里聊天，我问大家最近有什么好电影推荐我看。群里有个可爱的妹子回复：夹了b嗨到死，你看过吗？我愣住了，这是在暗示我什么吗？这时我又收到一条艾特消息：加勒比海盗4   我。。。。。。。	
过节回家，我妈给我买了瓶罐头，我说买它干嘛啊，她说给你去火的，我说我也没上火啊，她说这么大岁数还没对象能不上火吗，我瞅你都上火[流鼻血][流鼻血][流鼻血]	
当初朋友老婆生孩子住院，朋友叫我们几个人陪他，陪了几天，搞得好像我们都有份是的，现在想想，闲的	
我们语文老师，壮汉一个，乍一看好似体育老师，还爱打篮球。	
一天跟我们说，要好好练诗在增加一下文化底蕴，理由如下	
呃，最近发现，电脑组的老师诗写的挺好，政治组的老师词写的特别好，我们语文组的老师，篮球打的特别好。。。。	
自从昨天晚上遗精了以后，我看着满目疮痍的床单，在考虑是否以后晚上睡觉要穿上裤头……	
侄子10岁，不好好学习。我哥把侄子带到工地，指着一堆混凝土砖，边让侄子搬，边说：你不好好学习，长大就要到工地上搬砖。	
侄子搬起一块，刚走两步，小声说：爸，我想明白了，搬砖太辛苦，我不想搬砖！	
我哥刚露出欣慰的笑容，就听侄子说：我要去要饭……	
记得刚上小学时，老师讲到端午节的来历，说到人民群众为了不让江里的鱼咬坏屈大夫的尸体，把糯米用粽叶和竹筒装起来扔到江里喂鱼，这时我说到，老师，鱼会扒粽子吗？我扒粽子都吃力啊。老师一个粉笔头扔过来说到，就你话多。。。	
坐公交，人好多，到常青公园上来一大爷带着一四五岁的小正太，我起来让坐，大爷笑眯眯说谢谢啊小姑娘。然后让小正太先坐下了，小正太昂头看了我好几秒钟，一脸纠结又认真地说：“谢谢，老姑娘!”	
擦！一片哄笑啊！[捂脸][捂脸]	
新交往的女朋友	
和儿子玩石头剪子布，儿子先出石头，再出剪子，然后出布，，每次都是我赢，呵呵	
最近老公总是熬夜，真怕他熬坏身上，昨天晚上两点半我醒了，看他还在玩手机，我对他说:你买了意外险，受益人是我，如果有天你猝死了，我也不愁过下半辈子，按道理说我不该管你熬夜不熬夜，伤身不伤身，我只想告诉你，咱们那么多年的感情，如果你死了，我尽量还找姓张的，这样你闺女就不用改姓了...只见他快速的放下手机说睡觉睡觉，以后都不熬夜了[挖鼻孔]	
端午，回娘家过节。见邻居家门外的小杏树，挂满了红红绿绿的杏。我想找找小时候偷杏的感觉，就伸出了手……	
摘着摘着，猛然看见邻居大叔，正站在大门口笑咪咪的看着我……	
就是他手里拄的木棍，让我很尴尬！	
刚要买奥迪，就出了这么个事，又给我省好几十万[惊恐][惊恐][惊恐]	
本人从小怕热不怕冷，问我妈怎么回事，我妈说我刚生下来的时候是夏天，我爸怕我热，把我脱光了放床上搁一夜，结果那晚下雨，一夜愣是没给我盖被，第二天早上一摸已经手脚冰凉，以为冻死了，结果命大没事。从此以后不再怕冷。真是中国好爸爸。	
妹子一名。在网上看一篇图文，图解男单手解女内衣扣，然后自己背手过去试了下，诶！真的很迅速呐！比俺们自己双手都快的多好不啦！决定了，以后就用这一招了！！	
分别一个多月，匆匆赶回家，媳妇儿正在做饭，我学着电视上的镜头：双手环抱媳妇儿的腰，轻吻脖子和耳朵，手不由自主的摸向深处……媳妇儿也动情了，也把正在切辣椒的手摸向了我的深处……	
原来天台排队的人是为了纪念屈原！！！	
我可能养了假狗……	
连着好几天晚上独自一人不睡觉看世界杯，感觉有点支不住了。刚才给一哥们儿打电话，问他能否今天晚上陪我看场球。好哥们就是靠谱，简单明了回复我：我陪你看个球。	
你不主动 我们永远不会成为朋友	
]
[DEBUG][2018-06-19 17:51:00,194][qiushibaike.py][get_qiushi][27][03年读初二，暑假去包头打工，刚出火车站，口渴看见买西瓜的，很大一块，问多少钱？回答一块钱一块！我说我要一块，结果摊主把西瓜切成二十几块了，吃完让我自己数，一块一块钱！	


09年冬天太原火车站超市，买了包七块钱的七匹狼烟，给了一百找回63，我拿过来数了一遍发现不对，售货员又数了一遍，结果又少了10块。耗了半天，他给我20块。总共给找了73块。出来抽一根，发现是假烟，回去找售货员，就不认账了。还要我赔100块名誉损失费！果然有遗留的倭寇贼子～	


07年10月西安火车站：夜间12点刚出站，被一个穿制服的
…	


查看全文	


我哥喜欢撩妹，表弟羡慕嫉妒恨，于是用小号勾搭我哥，准备恶心一下我哥，顺便嘲笑他在网上勾搭妹子，没几天居然成功了，表弟定好了房间，我正想着怎么去拆穿他俩，，，，一进门发现爸妈都黑着脸，一言不发，一问才知道，原来聊天记录被老妈无意中发现，老爸拍着桌子，愤怒的咆哮道:“这个浑小子，叫他相亲他不去，尽在网上撩妹，对方是女的我们也认了，没想到他竟然还泡他表弟！”	


.真事。老婆有个大姐还跟个弟弟，都已有儿有女，今天端午，大姐提了新车，又是端午，逐邀请我们去她家吃饭。边吃边聊，聊着聊着就聊到做噩梦的问题是，一个个聊得正嗨，大姐7岁的女儿突然来了一句。。。。。。。。妈妈，那天晚上你嗯，嗯，嗯的，是做了什么梦啊？一群人全愣住了，然后就是一阵没心没肺的爆笑声。。。。（7岁小侄女睡隔壁自己的房间）	


美女同事早上发朋友圈原文是这样的“顺产8斤男婴一枚，是什么概念”我评论到“牛逼呀”！！现在她老公堵在我家门口要揍我怎么办，好怕怕[我考虑下][我考虑下][我考虑下][我考虑下][我考虑下][我考虑下]	


？？？？？	


店里购进一台中型激光打印机，每个月电费只比以前多一点。可是上个月电费激增，没查出来什么原因。	


周六我到店里帮忙，天气较热，出了一点汗，媳妇说:我有办法让你凉快，，，	


她让我坐在打印机旁边，按电源启动，打印机预热，，，排风扇给了我一股清凉的风，吹的我心都凉了，，，	


分别一个多月，匆匆赶回家，媳妇儿正在做饭，我学着电视上的镜头：双手环抱媳妇儿的腰，轻吻脖子和耳朵，手不由自主的摸向深处……媳妇儿也动情了，也把正在切辣椒的手摸向了我的深处……	


端午第二击	


本人在广东工作，所以入乡随俗，爱上了喝汤！	


午餐时，老爸做了排骨汤，我喜欢用汤泡饭，味道简直了！所以就装了一碗汤泡饭吃，刚装好，老妈顺手接过转头就倒给后院的小狗吃！说以为我是装给小狗吃的！	


我能怎么办？我也很绝望啊！总不能从狗碗里抢回来吧！	


父亲节的时候，老公说：父亲节了，老婆，你要送我点什么礼物啊？	


我说：你过节要礼物，给咱儿子要去，关我什么事啊！	


老公坏坏的说：是谁经常半夜叫我爸爸啊？是谁？是谁？	


我的一个朋友	


就刚才一位打扮得特漂亮的大美女东挑西选的拿了三个大蒜，称一下0.98元，我说0.98那就一块吧，然后拿袋子给她装起来……	


美女慢吞吞的掏出一块，我手刚想接，她立马又收回去了，然后掏出手机扫了个0.98给我，我好想说:“我袋子都不止两分钱”[捂脸]	


好几年前我隔壁村的一个人买了部摩托车骑没几天就被偷了，割一下。被偷第二天又去买了同品牌摩托车，上牌的时候看到车架号和发动机号很眼熟，拿出被偷车子行驶证一看就是原来被偷的那部车子。	


一天在小区见一个女士大声的呼叫，听不清叫什么，像是叫她的孩子。我走过一个绿化矮墙，看见一个小狗在矮墙下东闻闻，西闻闻认真的寻找什么东西，太专心了！我马上意识到那个女人是叫这个小狗，我对小狗大声说道，你妈叫你呢！那狗听见我说后抬腿就跑，那边那个女人显然听见我的说话，又看见小狗跑过去了，瞧我会心地笑了。	


怀孕五个月，一到半夜就睡不着，呼吸也不畅。	


部分四川、湖南、福建人表示	


他们都是这么读的....所以，你是怎么读的？	


可惜我就是遇不到🌚	


去审车，尾灯有两个灯不亮，门口有换灯泡的，换了两个竟然要50块钱。	


第二天，我去市场进了各种汽车尾灯灯泡。	


第三天，我也到审车门口摆摊，立了个牌子，换灯泡5元一个。	


那天坑我50 块钱的那人坐不住了，说我故意砸他买卖，塞给我二百块钱，说算是给我赔礼道歉了。	


我坐在床上看世界杯，女友在床上玩游戏，当C罗的球进的时候，我高兴的嗷一嗓子，然后我就被女友一脚踹到了床下。	


我就在床下看，当第二个球进的时候，我又忍不住叫了一嗓子，女友一脚把我踹了出去。	


我现在在沙发看球，嘴里塞着女友的毛巾，而我女友手里拿着一把刀。她说她要练习飞刀。	


小时候的走进科学，是最初的标题党	


刚大侄子发视频，不知道这熊孩子咋滴了，也不叫姑姑，也不说话，威逼利诱之下，小家伙来了一句：我就不叫姑姑，我不喜欢姑姑了，我要把姑姑卖掉！我这啥都没说呢，听见老妈幽幽的来了一句：你才多大就想把你姑姑卖掉啊，我这都卖了她三十年了，也没卖出去！真怀疑你们祖孙俩私底下到底都说了些啥，好桑心	


刚出来上班那会，有一天跟其他部门的小姐姐在车间讲话，刚好看到外面有个女的经过，我就说这女的怎么长的跟个男人似的，结果旁边小姐姐说，那是我姐……为了打破尴尬，我随口说了句你们姊妹俩真像……像……[流鼻血]	


当年数学老师在我们学校可是风云人物，北师大高材生，帅的惊天地泣鬼神，为人温柔无比从不发脾气，老婆打电话来不顾学校规定总要温柔的说我在上课，在办公室被尊称为大师，事无大小总要先问问他的意见。然而！就是这样一个好到没天良的老师！在办公室翘着二郎腿，斗着地主打着麻将，天天没羞没臊地撒狗粮。。。	


又说一个高中的事儿，有点粗俗哦，但也是那时候学习压力下的一味调剂品。	


我老家哪儿把男的那话儿叫球，女的叫板板。	


老高是我们物理老师，水平高，就是不会说普通话。一次讲到球和木板（摩擦力）题目，讲几遍还是有好几个人没明白，他开始放缓语气用他觉得是的普通话说，你看这个球放在这个板板上，摩擦，摩擦。。。。	


教室燃了	


今天宿舍讨论插排问题，因为我和上铺的床没有插座，所以买了长插排，插在对铺的插座上，离开宿舍要断电，上铺觉得每次回来开插排得爬到上铺很麻烦	


此为分界线	


她准备把插排连到下铺，	


我说：咱们就在床上吧，挺方便插的	


但是我忘了，与此同时我和对象的电话没有挂断	


清纯形象算是毁了	


老婆网购了牛排，看着她特别精心布置了餐盘，放了煎蛋，西兰花等，然后准备拍照，突然好像想起了什么，跑去了厨房，然后拎着酱油瓶来了，倒了一杯摆在旁边，很满意地拍起了照片！	


]
[DEBUG][2018-06-19 17:51:28,248][qiushibaike.py][get_qiushi][27][03年读初二，暑假去包头打工，刚出火车站，口渴看见买西瓜的，很大一块，问多少钱？回答一块钱一块！我说我要一块，结果摊主把西瓜切成二十几块了，吃完让我自己数，一块一块钱！	


09年冬天太原火车站超市，买了包七块钱的七匹狼烟，给了一百找回63，我拿过来数了一遍发现不对，售货员又数了一遍，结果又少了10块。耗了半天，他给我20块。总共给找了73块。出来抽一根，发现是假烟，回去找售货员，就不认账了。还要我赔100块名誉损失费！果然有遗留的倭寇贼子～	


07年10月西安火车站：夜间12点刚出站，被一个穿制服的
…	


查看全文	


我哥喜欢撩妹，表弟羡慕嫉妒恨，于是用小号勾搭我哥，准备恶心一下我哥，顺便嘲笑他在网上勾搭妹子，没几天居然成功了，表弟定好了房间，我正想着怎么去拆穿他俩，，，，一进门发现爸妈都黑着脸，一言不发，一问才知道，原来聊天记录被老妈无意中发现，老爸拍着桌子，愤怒的咆哮道:“这个浑小子，叫他相亲他不去，尽在网上撩妹，对方是女的我们也认了，没想到他竟然还泡他表弟！”	


.真事。老婆有个大姐还跟个弟弟，都已有儿有女，今天端午，大姐提了新车，又是端午，逐邀请我们去她家吃饭。边吃边聊，聊着聊着就聊到做噩梦的问题是，一个个聊得正嗨，大姐7岁的女儿突然来了一句。。。。。。。。妈妈，那天晚上你嗯，嗯，嗯的，是做了什么梦啊？一群人全愣住了，然后就是一阵没心没肺的爆笑声。。。。（7岁小侄女睡隔壁自己的房间）	


美女同事早上发朋友圈原文是这样的“顺产8斤男婴一枚，是什么概念”我评论到“牛逼呀”！！现在她老公堵在我家门口要揍我怎么办，好怕怕[我考虑下][我考虑下][我考虑下][我考虑下][我考虑下][我考虑下]	


？？？？？	


店里购进一台中型激光打印机，每个月电费只比以前多一点。可是上个月电费激增，没查出来什么原因。	


周六我到店里帮忙，天气较热，出了一点汗，媳妇说:我有办法让你凉快，，，	


她让我坐在打印机旁边，按电源启动，打印机预热，，，排风扇给了我一股清凉的风，吹的我心都凉了，，，	


分别一个多月，匆匆赶回家，媳妇儿正在做饭，我学着电视上的镜头：双手环抱媳妇儿的腰，轻吻脖子和耳朵，手不由自主的摸向深处……媳妇儿也动情了，也把正在切辣椒的手摸向了我的深处……	


端午第二击	


本人在广东工作，所以入乡随俗，爱上了喝汤！	


午餐时，老爸做了排骨汤，我喜欢用汤泡饭，味道简直了！所以就装了一碗汤泡饭吃，刚装好，老妈顺手接过转头就倒给后院的小狗吃！说以为我是装给小狗吃的！	


我能怎么办？我也很绝望啊！总不能从狗碗里抢回来吧！	


父亲节的时候，老公说：父亲节了，老婆，你要送我点什么礼物啊？	


我说：你过节要礼物，给咱儿子要去，关我什么事啊！	


老公坏坏的说：是谁经常半夜叫我爸爸啊？是谁？是谁？	


我的一个朋友	


就刚才一位打扮得特漂亮的大美女东挑西选的拿了三个大蒜，称一下0.98元，我说0.98那就一块吧，然后拿袋子给她装起来……	


美女慢吞吞的掏出一块，我手刚想接，她立马又收回去了，然后掏出手机扫了个0.98给我，我好想说:“我袋子都不止两分钱”[捂脸]	


好几年前我隔壁村的一个人买了部摩托车骑没几天就被偷了，割一下。被偷第二天又去买了同品牌摩托车，上牌的时候看到车架号和发动机号很眼熟，拿出被偷车子行驶证一看就是原来被偷的那部车子。	


一天在小区见一个女士大声的呼叫，听不清叫什么，像是叫她的孩子。我走过一个绿化矮墙，看见一个小狗在矮墙下东闻闻，西闻闻认真的寻找什么东西，太专心了！我马上意识到那个女人是叫这个小狗，我对小狗大声说道，你妈叫你呢！那狗听见我说后抬腿就跑，那边那个女人显然听见我的说话，又看见小狗跑过去了，瞧我会心地笑了。	


怀孕五个月，一到半夜就睡不着，呼吸也不畅。	


部分四川、湖南、福建人表示	


他们都是这么读的....所以，你是怎么读的？	


可惜我就是遇不到🌚	


去审车，尾灯有两个灯不亮，门口有换灯泡的，换了两个竟然要50块钱。	


第二天，我去市场进了各种汽车尾灯灯泡。	


第三天，我也到审车门口摆摊，立了个牌子，换灯泡5元一个。	


那天坑我50 块钱的那人坐不住了，说我故意砸他买卖，塞给我二百块钱，说算是给我赔礼道歉了。	


我坐在床上看世界杯，女友在床上玩游戏，当C罗的球进的时候，我高兴的嗷一嗓子，然后我就被女友一脚踹到了床下。	


我就在床下看，当第二个球进的时候，我又忍不住叫了一嗓子，女友一脚把我踹了出去。	


我现在在沙发看球，嘴里塞着女友的毛巾，而我女友手里拿着一把刀。她说她要练习飞刀。	


小时候的走进科学，是最初的标题党	


刚大侄子发视频，不知道这熊孩子咋滴了，也不叫姑姑，也不说话，威逼利诱之下，小家伙来了一句：我就不叫姑姑，我不喜欢姑姑了，我要把姑姑卖掉！我这啥都没说呢，听见老妈幽幽的来了一句：你才多大就想把你姑姑卖掉啊，我这都卖了她三十年了，也没卖出去！真怀疑你们祖孙俩私底下到底都说了些啥，好桑心	


刚出来上班那会，有一天跟其他部门的小姐姐在车间讲话，刚好看到外面有个女的经过，我就说这女的怎么长的跟个男人似的，结果旁边小姐姐说，那是我姐……为了打破尴尬，我随口说了句你们姊妹俩真像……像……[流鼻血]	


当年数学老师在我们学校可是风云人物，北师大高材生，帅的惊天地泣鬼神，为人温柔无比从不发脾气，老婆打电话来不顾学校规定总要温柔的说我在上课，在办公室被尊称为大师，事无大小总要先问问他的意见。然而！就是这样一个好到没天良的老师！在办公室翘着二郎腿，斗着地主打着麻将，天天没羞没臊地撒狗粮。。。	


又说一个高中的事儿，有点粗俗哦，但也是那时候学习压力下的一味调剂品。	


我老家哪儿把男的那话儿叫球，女的叫板板。	


老高是我们物理老师，水平高，就是不会说普通话。一次讲到球和木板（摩擦力）题目，讲几遍还是有好几个人没明白，他开始放缓语气用他觉得是的普通话说，你看这个球放在这个板板上，摩擦，摩擦。。。。	


教室燃了	


今天宿舍讨论插排问题，因为我和上铺的床没有插座，所以买了长插排，插在对铺的插座上，离开宿舍要断电，上铺觉得每次回来开插排得爬到上铺很麻烦	


此为分界线	


她准备把插排连到下铺，	


我说：咱们就在床上吧，挺方便插的	


但是我忘了，与此同时我和对象的电话没有挂断	


清纯形象算是毁了	


老婆网购了牛排，看着她特别精心布置了餐盘，放了煎蛋，西兰花等，然后准备拍照，突然好像想起了什么，跑去了厨房，然后拎着酱油瓶来了，倒了一杯摆在旁边，很满意地拍起了照片！	


]
[DEBUG][2018-06-19 17:52:09,736][qiushibaike.py][get_qiushi][28][03年读初二，暑假去包头打工，刚出火车站，口渴看见买西瓜的，很大一块，问多少钱？回答一块钱一块！我说我要一块，结果摊主把西瓜切成二十几块了，吃完让我自己数，一块一块钱！	


09年冬天太原火车站超市，买了包七块钱的七匹狼烟，给了一百找回63，我拿过来数了一遍发现不对，售货员又数了一遍，结果又少了10块。耗了半天，他给我20块。总共给找了73块。出来抽一根，发现是假烟，回去找售货员，就不认账了。还要我赔100块名誉损失费！果然有遗留的倭寇贼子～	


07年10月西安火车站：夜间12点刚出站，被一个穿制服的
…	


查看全文	


我哥喜欢撩妹，表弟羡慕嫉妒恨，于是用小号勾搭我哥，准备恶心一下我哥，顺便嘲笑他在网上勾搭妹子，没几天居然成功了，表弟定好了房间，我正想着怎么去拆穿他俩，，，，一进门发现爸妈都黑着脸，一言不发，一问才知道，原来聊天记录被老妈无意中发现，老爸拍着桌子，愤怒的咆哮道:“这个浑小子，叫他相亲他不去，尽在网上撩妹，对方是女的我们也认了，没想到他竟然还泡他表弟！”	


.真事。老婆有个大姐还跟个弟弟，都已有儿有女，今天端午，大姐提了新车，又是端午，逐邀请我们去她家吃饭。边吃边聊，聊着聊着就聊到做噩梦的问题是，一个个聊得正嗨，大姐7岁的女儿突然来了一句。。。。。。。。妈妈，那天晚上你嗯，嗯，嗯的，是做了什么梦啊？一群人全愣住了，然后就是一阵没心没肺的爆笑声。。。。（7岁小侄女睡隔壁自己的房间）	


美女同事早上发朋友圈原文是这样的“顺产8斤男婴一枚，是什么概念”我评论到“牛逼呀”！！现在她老公堵在我家门口要揍我怎么办，好怕怕[我考虑下][我考虑下][我考虑下][我考虑下][我考虑下][我考虑下]	


？？？？？	


店里购进一台中型激光打印机，每个月电费只比以前多一点。可是上个月电费激增，没查出来什么原因。	


周六我到店里帮忙，天气较热，出了一点汗，媳妇说:我有办法让你凉快，，，	


她让我坐在打印机旁边，按电源启动，打印机预热，，，排风扇给了我一股清凉的风，吹的我心都凉了，，，	


分别一个多月，匆匆赶回家，媳妇儿正在做饭，我学着电视上的镜头：双手环抱媳妇儿的腰，轻吻脖子和耳朵，手不由自主的摸向深处……媳妇儿也动情了，也把正在切辣椒的手摸向了我的深处……	


端午第二击	


本人在广东工作，所以入乡随俗，爱上了喝汤！	


午餐时，老爸做了排骨汤，我喜欢用汤泡饭，味道简直了！所以就装了一碗汤泡饭吃，刚装好，老妈顺手接过转头就倒给后院的小狗吃！说以为我是装给小狗吃的！	


我能怎么办？我也很绝望啊！总不能从狗碗里抢回来吧！	


父亲节的时候，老公说：父亲节了，老婆，你要送我点什么礼物啊？	


我说：你过节要礼物，给咱儿子要去，关我什么事啊！	


老公坏坏的说：是谁经常半夜叫我爸爸啊？是谁？是谁？	


我的一个朋友	


就刚才一位打扮得特漂亮的大美女东挑西选的拿了三个大蒜，称一下0.98元，我说0.98那就一块吧，然后拿袋子给她装起来……	


美女慢吞吞的掏出一块，我手刚想接，她立马又收回去了，然后掏出手机扫了个0.98给我，我好想说:“我袋子都不止两分钱”[捂脸]	


好几年前我隔壁村的一个人买了部摩托车骑没几天就被偷了，割一下。被偷第二天又去买了同品牌摩托车，上牌的时候看到车架号和发动机号很眼熟，拿出被偷车子行驶证一看就是原来被偷的那部车子。	


一天在小区见一个女士大声的呼叫，听不清叫什么，像是叫她的孩子。我走过一个绿化矮墙，看见一个小狗在矮墙下东闻闻，西闻闻认真的寻找什么东西，太专心了！我马上意识到那个女人是叫这个小狗，我对小狗大声说道，你妈叫你呢！那狗听见我说后抬腿就跑，那边那个女人显然听见我的说话，又看见小狗跑过去了，瞧我会心地笑了。	


怀孕五个月，一到半夜就睡不着，呼吸也不畅。	


部分四川、湖南、福建人表示	


他们都是这么读的....所以，你是怎么读的？	


可惜我就是遇不到🌚	


去审车，尾灯有两个灯不亮，门口有换灯泡的，换了两个竟然要50块钱。	


第二天，我去市场进了各种汽车尾灯灯泡。	


第三天，我也到审车门口摆摊，立了个牌子，换灯泡5元一个。	


那天坑我50 块钱的那人坐不住了，说我故意砸他买卖，塞给我二百块钱，说算是给我赔礼道歉了。	


我坐在床上看世界杯，女友在床上玩游戏，当C罗的球进的时候，我高兴的嗷一嗓子，然后我就被女友一脚踹到了床下。	


我就在床下看，当第二个球进的时候，我又忍不住叫了一嗓子，女友一脚把我踹了出去。	


我现在在沙发看球，嘴里塞着女友的毛巾，而我女友手里拿着一把刀。她说她要练习飞刀。	


小时候的走进科学，是最初的标题党	


刚大侄子发视频，不知道这熊孩子咋滴了，也不叫姑姑，也不说话，威逼利诱之下，小家伙来了一句：我就不叫姑姑，我不喜欢姑姑了，我要把姑姑卖掉！我这啥都没说呢，听见老妈幽幽的来了一句：你才多大就想把你姑姑卖掉啊，我这都卖了她三十年了，也没卖出去！真怀疑你们祖孙俩私底下到底都说了些啥，好桑心	


刚出来上班那会，有一天跟其他部门的小姐姐在车间讲话，刚好看到外面有个女的经过，我就说这女的怎么长的跟个男人似的，结果旁边小姐姐说，那是我姐……为了打破尴尬，我随口说了句你们姊妹俩真像……像……[流鼻血]	


当年数学老师在我们学校可是风云人物，北师大高材生，帅的惊天地泣鬼神，为人温柔无比从不发脾气，老婆打电话来不顾学校规定总要温柔的说我在上课，在办公室被尊称为大师，事无大小总要先问问他的意见。然而！就是这样一个好到没天良的老师！在办公室翘着二郎腿，斗着地主打着麻将，天天没羞没臊地撒狗粮。。。	


又说一个高中的事儿，有点粗俗哦，但也是那时候学习压力下的一味调剂品。	


我老家哪儿把男的那话儿叫球，女的叫板板。	


老高是我们物理老师，水平高，就是不会说普通话。一次讲到球和木板（摩擦力）题目，讲几遍还是有好几个人没明白，他开始放缓语气用他觉得是的普通话说，你看这个球放在这个板板上，摩擦，摩擦。。。。	


教室燃了	


今天宿舍讨论插排问题，因为我和上铺的床没有插座，所以买了长插排，插在对铺的插座上，离开宿舍要断电，上铺觉得每次回来开插排得爬到上铺很麻烦	


此为分界线	


她准备把插排连到下铺，	


我说：咱们就在床上吧，挺方便插的	


但是我忘了，与此同时我和对象的电话没有挂断	


清纯形象算是毁了	


老婆网购了牛排，看着她特别精心布置了餐盘，放了煎蛋，西兰花等，然后准备拍照，突然好像想起了什么，跑去了厨房，然后拎着酱油瓶来了，倒了一杯摆在旁边，很满意地拍起了照片！	


]
