[DEBUG][2018-06-19 19:21:26,272][lovepython.py][test_deepcopy][40][<class 'int'>]
[DEBUG][2018-06-19 19:21:42,619][lovepython.py][test_deepcopy][40][<class 'int'>]
[DEBUG][2018-06-19 19:21:42,619][lovepython.py][test_deepcopy][41][9215264]
[DEBUG][2018-06-19 19:21:42,619][lovepython.py][test_deepcopy][42][9215264]
[DEBUG][2018-06-19 19:21:43,134][lovepython.py][test_deepcopy][40][<class 'int'>]
[DEBUG][2018-06-19 19:21:43,134][lovepython.py][test_deepcopy][41][9215264]
[DEBUG][2018-06-19 19:21:43,134][lovepython.py][test_deepcopy][42][9215264]
[DEBUG][2018-06-19 19:22:25,839][lovepython.py][test_deepcopy][40][<class 'int'>]
[DEBUG][2018-06-19 19:22:25,840][lovepython.py][test_deepcopy][41][9215264]
[DEBUG][2018-06-19 19:22:25,840][lovepython.py][test_deepcopy][42][9215264]
[DEBUG][2018-06-19 19:22:25,840][lovepython.py][test_deepcopy][43][True]
[DEBUG][2018-06-19 19:22:25,840][lovepython.py][test_deepcopy][44][True]
[DEBUG][2018-06-19 19:23:46,793][lovepython.py][test_deepcopy][50][100]
[DEBUG][2018-06-19 19:24:03,292][lovepython.py][test_deepcopy][50][100]
[DEBUG][2018-06-19 19:24:03,292][lovepython.py][test_deepcopy][51][9215264]
[DEBUG][2018-06-19 19:24:03,293][lovepython.py][test_deepcopy][52][9215264]
[DEBUG][2018-06-19 19:24:19,832][lovepython.py][test_deepcopy][50][100]
[DEBUG][2018-06-19 19:24:19,832][lovepython.py][test_deepcopy][51][9215264]
[DEBUG][2018-06-19 19:24:19,832][lovepython.py][test_deepcopy][52][9215264]
[DEBUG][2018-06-19 19:24:19,833][lovepython.py][test_deepcopy][53][True]
[DEBUG][2018-06-19 19:24:19,833][lovepython.py][test_deepcopy][54][True]
[DEBUG][2018-06-19 19:35:36,267][lovepython.py][test_deepcopy][60][[100, 200, 300]]
[DEBUG][2018-06-19 19:35:36,268][lovepython.py][test_deepcopy][61][[100, 200, 300]]
[DEBUG][2018-06-19 19:36:21,912][lovepython.py][test_deepcopy][60][[100, 200, 300]]
[DEBUG][2018-06-19 19:36:21,912][lovepython.py][test_deepcopy][61][[100, 200, 300]]
[DEBUG][2018-06-19 19:36:21,912][lovepython.py][test_deepcopy][62][139849204169224]
[DEBUG][2018-06-19 19:36:21,912][lovepython.py][test_deepcopy][63][139849357944904]
[DEBUG][2018-06-19 19:36:40,853][lovepython.py][test_deepcopy][51][100]
[DEBUG][2018-06-19 19:36:40,853][lovepython.py][test_deepcopy][52][9215264]
[DEBUG][2018-06-19 19:36:40,853][lovepython.py][test_deepcopy][53][9215264]
[DEBUG][2018-06-19 19:36:40,853][lovepython.py][test_deepcopy][54][True]
[DEBUG][2018-06-19 19:36:40,853][lovepython.py][test_deepcopy][55][True]
[DEBUG][2018-06-19 19:38:36,643][lovepython.py][test_deepcopy][60][[100, 200, 300]]
[DEBUG][2018-06-19 19:38:36,643][lovepython.py][test_deepcopy][61][[100, 200, 300]]
[DEBUG][2018-06-19 19:38:36,643][lovepython.py][test_deepcopy][62][140046086621704]
[DEBUG][2018-06-19 19:38:36,643][lovepython.py][test_deepcopy][63][140046240397384]
[DEBUG][2018-06-19 19:38:36,643][lovepython.py][test_deepcopy][64][True]
[DEBUG][2018-06-19 19:38:36,643][lovepython.py][test_deepcopy][65][False]
[DEBUG][2018-06-19 19:42:18,253][lovepython.py][test_deepcopy][72][[10]]
[DEBUG][2018-06-19 19:42:41,273][lovepython.py][test_deepcopy][72][[10]]
[DEBUG][2018-06-19 19:42:41,274][lovepython.py][test_deepcopy][73][[10]]
[DEBUG][2018-06-19 19:43:18,368][lovepython.py][test_deepcopy][72][[10]]
[DEBUG][2018-06-19 19:43:18,368][lovepython.py][test_deepcopy][73][[10]]
[DEBUG][2018-06-19 19:43:18,368][lovepython.py][test_deepcopy][74][[10, 'a']]
[DEBUG][2018-06-19 19:47:04,646][lovepython.py][test_deepcopy][72][[10]]
[DEBUG][2018-06-19 19:47:04,646][lovepython.py][test_deepcopy][73][[10]]
[DEBUG][2018-06-19 19:47:04,646][lovepython.py][test_deepcopy][74][[10, 10]]
[DEBUG][2018-06-19 19:47:04,646][lovepython.py][test_deepcopy][75][[10, 10, 'a']]
[DEBUG][2018-06-19 21:17:40,285][lovepython.py][test_deepcopy][72][[10]]
[DEBUG][2018-06-19 21:17:40,285][lovepython.py][test_deepcopy][73][[10]]
[DEBUG][2018-06-19 21:17:40,285][lovepython.py][test_deepcopy][74][[10, 10]]
[DEBUG][2018-06-19 21:17:40,285][lovepython.py][test_deepcopy][75][[10, 10, 'a']]
[DEBUG][2018-06-19 21:19:56,701][lovepython.py][for_test][81][['aaaaaaaaaa']]
[DEBUG][2018-06-19 21:20:45,094][lovepython.py][for_test][81][['aaaaaaaaaa']]
[DEBUG][2018-06-19 21:21:08,653][lovepython.py][for_test][81][['a', 'a', 'a', 'a', 'a', 'a', 'a', 'a', 'a', 'a']]
[DEBUG][2018-06-19 21:21:20,418][lovepython.py][for_test][81][['a', 'a', 'a', 'a', 'a', 'a', 'a', 'a', 'a', 'a']]
[DEBUG][2018-06-19 21:21:42,176][lovepython.py][for_test][81][['a', 'a', 'a', 'a', 'a', 'a', 'a', 'a', 'a', 'a']]
[DEBUG][2018-06-19 21:22:06,825][lovepython.py][for_test][81][['a', 'a', 'a', 'a', 'a', 'a', 'a', 'a', 'a', 'a']]
[DEBUG][2018-06-19 21:22:06,825][lovepython.py][for_test][83][None]
[DEBUG][2018-06-19 21:22:28,712][lovepython.py][for_test][81][['a', 'a', 'a', 'a', 'a', 'a', 'a', 'a', 'a', 'a']]
[DEBUG][2018-06-19 21:22:47,169][lovepython.py][for_test][81][['a', 'a', 'a', 'a', 'a', 'a', 'a', 'a', 'a', 'a']]
[DEBUG][2018-06-19 21:22:47,169][lovepython.py][for_test][84][None]
[DEBUG][2018-06-19 21:23:55,076][lovepython.py][for_test][81][[100, 200, 300, 100, 200, 300, 100, 200, 300, 100, 200, 300, 100, 200, 300, 100, 200, 300, 100, 200, 300, 100, 200, 300, 100, 200, 300, 100, 200, 300]]
[DEBUG][2018-06-19 21:28:08,054][lovepython.py][for_test][81][[[100, 200, 300], [100, 200, 300], [100, 200, 300], [100, 200, 300], [100, 200, 300], [100, 200, 300], [100, 200, 300], [100, 200, 300], [100, 200, 300], [100, 200, 300]]]
[DEBUG][2018-06-19 21:28:08,054][lovepython.py][for_test][82][140432783178248]
[DEBUG][2018-06-19 21:28:08,055][lovepython.py][for_test][83][140432783178504]
[DEBUG][2018-06-19 21:28:36,359][lovepython.py][for_test][81][[[100, 200, 300], [100, 200, 300], [100, 200, 300], [100, 200, 300], [100, 200, 300], [100, 200, 300], [100, 200, 300], [100, 200, 300], [100, 200, 300], [100, 200, 300]]]
[DEBUG][2018-06-19 21:28:36,359][lovepython.py][for_test][82][140705730812424]
[DEBUG][2018-06-19 21:28:36,359][lovepython.py][for_test][83][140705730812680]
[DEBUG][2018-06-19 21:28:36,359][lovepython.py][for_test][84][140705730812680]
[DEBUG][2018-06-19 21:28:53,099][lovepython.py][for_test][81][[[100, 200, 300], [100, 200, 300], [100, 200, 300], [100, 200, 300], [100, 200, 300], [100, 200, 300], [100, 200, 300], [100, 200, 300], [100, 200, 300], [100, 200, 300]]]
[DEBUG][2018-06-19 21:28:53,099][lovepython.py][for_test][82][140098400553480]
[DEBUG][2018-06-19 21:28:53,099][lovepython.py][for_test][83][140098400553736]
[DEBUG][2018-06-19 21:28:53,099][lovepython.py][for_test][84][140098400553736]
[DEBUG][2018-06-19 21:28:53,099][lovepython.py][for_test][85][140098400553736]
[DEBUG][2018-06-19 21:30:05,810][lovepython.py][for_test][81][[[100, 200, 300], [100, 200, 300], [100, 200, 300], [100, 200, 300], [100, 200, 300], [100, 200, 300], [100, 200, 300], [100, 200, 300], [100, 200, 300], [100, 200, 300]]]
[DEBUG][2018-06-19 21:30:05,810][lovepython.py][for_test][82][140437778819656]
[DEBUG][2018-06-19 21:30:05,810][lovepython.py][for_test][83][140437778819912]
[DEBUG][2018-06-19 21:30:05,811][lovepython.py][for_test][84][140437778819912]
[DEBUG][2018-06-19 21:30:05,811][lovepython.py][for_test][85][140437778819912]
[DEBUG][2018-06-19 21:30:05,811][lovepython.py][for_test][86][140437778819912]
[DEBUG][2018-06-19 21:30:05,811][lovepython.py][for_test][87][140437778819912]
[DEBUG][2018-06-19 21:30:35,257][lovepython.py][for_test][81][[[100, 200, 300], [100, 200, 300], [100, 200, 300], [100, 200, 300], [100, 200, 300], [100, 200, 300], [100, 200, 300], [100, 200, 300], [100, 200, 300], [100, 200, 300]]]
[DEBUG][2018-06-19 21:30:35,257][lovepython.py][for_test][82][139984414669384]
[DEBUG][2018-06-19 21:30:35,257][lovepython.py][for_test][83][139984414669640]
[DEBUG][2018-06-19 21:30:35,257][lovepython.py][for_test][84][139984414669640]
[DEBUG][2018-06-19 21:30:35,257][lovepython.py][for_test][85][139984414669640]
[DEBUG][2018-06-19 21:30:35,257][lovepython.py][for_test][86][139984414669640]
[DEBUG][2018-06-19 21:30:35,257][lovepython.py][for_test][87][139984414669640]
[DEBUG][2018-06-19 21:30:35,257][lovepython.py][for_test][89][9215264]
[DEBUG][2018-06-19 21:31:14,270][lovepython.py][for_test][81][[[100, 200, 300], [100, 200, 300], [100, 200, 300], [100, 200, 300], [100, 200, 300], [100, 200, 300], [100, 200, 300], [100, 200, 300], [100, 200, 300], [100, 200, 300]]]
[DEBUG][2018-06-19 21:31:14,271][lovepython.py][for_test][82][140626756717128]
[DEBUG][2018-06-19 21:31:14,271][lovepython.py][for_test][83][140626756717384]
[DEBUG][2018-06-19 21:31:14,271][lovepython.py][for_test][84][140626756717384]
[DEBUG][2018-06-19 21:31:14,271][lovepython.py][for_test][85][140626756717384]
[DEBUG][2018-06-19 21:31:14,271][lovepython.py][for_test][86][140626756717384]
[DEBUG][2018-06-19 21:31:14,271][lovepython.py][for_test][87][140626756717384]
[DEBUG][2018-06-19 21:31:14,271][lovepython.py][for_test][89][9215264]
[DEBUG][2018-06-19 21:31:14,271][lovepython.py][for_test][90][9218464]
[DEBUG][2018-06-19 21:31:14,271][lovepython.py][for_test][91][140626910761584]
[DEBUG][2018-06-19 21:32:03,461][lovepython.py][for_test][81][[[100, 200, 300], [100, 200, 300], [100, 200, 300], [100, 200, 300], [100, 200, 300], [100, 200, 300], [100, 200, 300], [100, 200, 300], [100, 200, 300], [100, 200, 300]]]
[DEBUG][2018-06-19 21:32:03,461][lovepython.py][for_test][82][139728463919688]
[DEBUG][2018-06-19 21:32:03,462][lovepython.py][for_test][83][139728463919944]
[DEBUG][2018-06-19 21:32:03,462][lovepython.py][for_test][84][139728463919944]
[DEBUG][2018-06-19 21:32:03,462][lovepython.py][for_test][85][139728463919944]
[DEBUG][2018-06-19 21:32:03,462][lovepython.py][for_test][86][139728463919944]
[DEBUG][2018-06-19 21:32:03,462][lovepython.py][for_test][87][139728463919944]
[DEBUG][2018-06-19 21:32:03,462][lovepython.py][for_test][89][9215264]
[DEBUG][2018-06-19 21:32:03,462][lovepython.py][for_test][90][9218464]
[DEBUG][2018-06-19 21:32:03,462][lovepython.py][for_test][91][139728617964144]
[DEBUG][2018-06-19 21:32:35,386][lovepython.py][for_test][81][[[100, 200, 300], [100, 200, 300], [100, 200, 300], [100, 200, 300], [100, 200, 300], [100, 200, 300], [100, 200, 300], [100, 200, 300], [100, 200, 300], [100, 200, 300]]]
[DEBUG][2018-06-19 21:32:35,386][lovepython.py][for_test][82][140572495985160]
[DEBUG][2018-06-19 21:32:35,386][lovepython.py][for_test][83][140572495985416]
[DEBUG][2018-06-19 21:32:35,386][lovepython.py][for_test][84][140572495985416]
[DEBUG][2018-06-19 21:32:35,386][lovepython.py][for_test][85][140572495985416]
[DEBUG][2018-06-19 21:32:35,386][lovepython.py][for_test][86][140572495985416]
[DEBUG][2018-06-19 21:32:35,386][lovepython.py][for_test][87][140572495985416]
[DEBUG][2018-06-19 21:32:35,386][lovepython.py][for_test][89][9215264]
[DEBUG][2018-06-19 21:32:35,386][lovepython.py][for_test][90][9218464]
[DEBUG][2018-06-19 21:32:35,386][lovepython.py][for_test][91][140572650029680]
[DEBUG][2018-06-19 21:32:35,386][lovepython.py][for_test][93][9215264]
[DEBUG][2018-06-19 21:33:17,476][lovepython.py][for_test][81][[[100, 200, 300], [100, 200, 300], [100, 200, 300], [100, 200, 300], [100, 200, 300], [100, 200, 300], [100, 200, 300], [100, 200, 300], [100, 200, 300], [100, 200, 300]]]
[DEBUG][2018-06-19 21:33:17,476][lovepython.py][for_test][82][140473769282056]
[DEBUG][2018-06-19 21:33:17,476][lovepython.py][for_test][83][140473769282312]
[DEBUG][2018-06-19 21:33:17,476][lovepython.py][for_test][84][140473769282312]
[DEBUG][2018-06-19 21:33:17,476][lovepython.py][for_test][85][140473769282312]
[DEBUG][2018-06-19 21:33:17,476][lovepython.py][for_test][86][140473769282312]
[DEBUG][2018-06-19 21:33:17,477][lovepython.py][for_test][87][140473769282312]
[DEBUG][2018-06-19 21:33:17,477][lovepython.py][for_test][89][9215264]
[DEBUG][2018-06-19 21:33:17,477][lovepython.py][for_test][90][9218464]
[DEBUG][2018-06-19 21:33:17,477][lovepython.py][for_test][91][140473923326576]
[DEBUG][2018-06-19 21:33:17,477][lovepython.py][for_test][93][9215264]
[DEBUG][2018-06-19 21:33:17,477][lovepython.py][for_test][94][9218464]
[DEBUG][2018-06-19 21:33:33,272][lovepython.py][for_test][81][[[100, 200, 300], [100, 200, 300], [100, 200, 300], [100, 200, 300], [100, 200, 300], [100, 200, 300], [100, 200, 300], [100, 200, 300], [100, 200, 300], [100, 200, 300]]]
[DEBUG][2018-06-19 21:33:33,272][lovepython.py][for_test][82][140702007573064]
[DEBUG][2018-06-19 21:33:33,272][lovepython.py][for_test][83][140702007573320]
[DEBUG][2018-06-19 21:33:33,272][lovepython.py][for_test][84][140702007573320]
[DEBUG][2018-06-19 21:33:33,273][lovepython.py][for_test][85][140702007573320]
[DEBUG][2018-06-19 21:33:33,273][lovepython.py][for_test][86][140702007573320]
[DEBUG][2018-06-19 21:33:33,273][lovepython.py][for_test][87][140702007573320]
[DEBUG][2018-06-19 21:33:33,273][lovepython.py][for_test][89][9215264]
[DEBUG][2018-06-19 21:33:33,273][lovepython.py][for_test][90][9218464]
[DEBUG][2018-06-19 21:33:33,273][lovepython.py][for_test][91][140702161617520]
[DEBUG][2018-06-19 21:33:33,273][lovepython.py][for_test][93][9215264]
[DEBUG][2018-06-19 21:33:33,273][lovepython.py][for_test][94][9218464]
[DEBUG][2018-06-19 21:33:33,273][lovepython.py][for_test][95][140702161617520]
[DEBUG][2018-06-19 21:34:01,730][lovepython.py][for_test][81][[[100, 200, 300], [100, 200, 300], [100, 200, 300], [100, 200, 300], [100, 200, 300], [100, 200, 300], [100, 200, 300], [100, 200, 300], [100, 200, 300], [100, 200, 300]]]
[DEBUG][2018-06-19 21:34:01,730][lovepython.py][for_test][82][140718518540808]
[DEBUG][2018-06-19 21:34:01,730][lovepython.py][for_test][83][140718518541064]
[DEBUG][2018-06-19 21:34:01,730][lovepython.py][for_test][84][140718518541064]
[DEBUG][2018-06-19 21:34:01,730][lovepython.py][for_test][85][140718518541064]
[DEBUG][2018-06-19 21:34:01,730][lovepython.py][for_test][86][140718518541064]
[DEBUG][2018-06-19 21:34:01,730][lovepython.py][for_test][87][140718518541064]
[DEBUG][2018-06-19 21:34:01,730][lovepython.py][for_test][89][9215264]
[DEBUG][2018-06-19 21:34:01,730][lovepython.py][for_test][90][9218464]
[DEBUG][2018-06-19 21:34:01,730][lovepython.py][for_test][91][140718672585328]
[DEBUG][2018-06-19 21:34:01,730][lovepython.py][for_test][93][9215264]
[DEBUG][2018-06-19 21:34:01,730][lovepython.py][for_test][94][9218464]
[DEBUG][2018-06-19 21:34:01,730][lovepython.py][for_test][95][140718672585328]
[DEBUG][2018-06-19 21:34:01,730][lovepython.py][for_test][97][9215264]
[DEBUG][2018-06-19 21:34:13,262][lovepython.py][for_test][81][[[100, 200, 300], [100, 200, 300], [100, 200, 300], [100, 200, 300], [100, 200, 300], [100, 200, 300], [100, 200, 300], [100, 200, 300], [100, 200, 300], [100, 200, 300]]]
[DEBUG][2018-06-19 21:34:13,262][lovepython.py][for_test][82][139749275265544]
[DEBUG][2018-06-19 21:34:13,262][lovepython.py][for_test][83][139749275265800]
[DEBUG][2018-06-19 21:34:13,262][lovepython.py][for_test][84][139749275265800]
[DEBUG][2018-06-19 21:34:13,262][lovepython.py][for_test][85][139749275265800]
[DEBUG][2018-06-19 21:34:13,262][lovepython.py][for_test][86][139749275265800]
[DEBUG][2018-06-19 21:34:13,262][lovepython.py][for_test][87][139749275265800]
[DEBUG][2018-06-19 21:34:13,262][lovepython.py][for_test][89][9215264]
[DEBUG][2018-06-19 21:34:13,262][lovepython.py][for_test][90][9218464]
[DEBUG][2018-06-19 21:34:13,262][lovepython.py][for_test][91][139749429310064]
[DEBUG][2018-06-19 21:34:13,262][lovepython.py][for_test][93][9215264]
[DEBUG][2018-06-19 21:34:13,262][lovepython.py][for_test][94][9218464]
[DEBUG][2018-06-19 21:34:13,263][lovepython.py][for_test][95][139749429310064]
[DEBUG][2018-06-19 21:34:13,263][lovepython.py][for_test][97][9215264]
[DEBUG][2018-06-19 21:34:13,263][lovepython.py][for_test][98][9218464]
[DEBUG][2018-06-19 21:34:22,537][lovepython.py][for_test][81][[[100, 200, 300], [100, 200, 300], [100, 200, 300], [100, 200, 300], [100, 200, 300], [100, 200, 300], [100, 200, 300], [100, 200, 300], [100, 200, 300], [100, 200, 300]]]
[DEBUG][2018-06-19 21:34:22,537][lovepython.py][for_test][82][140575312026184]
[DEBUG][2018-06-19 21:34:22,537][lovepython.py][for_test][83][140575312026440]
[DEBUG][2018-06-19 21:34:22,537][lovepython.py][for_test][84][140575312026440]
[DEBUG][2018-06-19 21:34:22,537][lovepython.py][for_test][85][140575312026440]
[DEBUG][2018-06-19 21:34:22,537][lovepython.py][for_test][86][140575312026440]
[DEBUG][2018-06-19 21:34:22,538][lovepython.py][for_test][87][140575312026440]
[DEBUG][2018-06-19 21:34:22,538][lovepython.py][for_test][89][9215264]
[DEBUG][2018-06-19 21:34:22,538][lovepython.py][for_test][90][9218464]
[DEBUG][2018-06-19 21:34:22,538][lovepython.py][for_test][91][140575466070640]
[DEBUG][2018-06-19 21:34:22,538][lovepython.py][for_test][93][9215264]
[DEBUG][2018-06-19 21:34:22,538][lovepython.py][for_test][94][9218464]
[DEBUG][2018-06-19 21:34:22,538][lovepython.py][for_test][95][140575466070640]
[DEBUG][2018-06-19 21:34:22,538][lovepython.py][for_test][97][9215264]
[DEBUG][2018-06-19 21:34:22,538][lovepython.py][for_test][98][9218464]
[DEBUG][2018-06-19 21:34:22,538][lovepython.py][for_test][99][140575466070640]
[DEBUG][2018-06-19 21:43:07,587][lovepython.py][for_test][124][None]
[DEBUG][2018-06-19 21:44:26,976][lovepython.py][for_test][124][None]
[DEBUG][2018-06-19 21:44:26,976][lovepython.py][for_test][125][[[100, 200, 300, 999], [100, 200, 300, 999], [100, 200, 300, 999], [100, 200, 300, 999], [100, 200, 300, 999], [100, 200, 300, 999], [100, 200, 300, 999], [100, 200, 300, 999], [100, 200, 300, 999], [100, 200, 300, 999]]]
[DEBUG][2018-06-19 21:45:02,152][lovepython.py][for_test][124][None]
[DEBUG][2018-06-19 21:45:02,152][lovepython.py][for_test][125][[[100, 200, 300, 999], [100, 200, 300, 999], [100, 200, 300, 999], [100, 200, 300, 999], [100, 200, 300, 999], [100, 200, 300, 999], [100, 200, 300, 999], [100, 200, 300, 999], [100, 200, 300, 999], [100, 200, 300, 999]]]
[DEBUG][2018-06-19 21:45:17,265][lovepython.py][for_test][124][None]
[DEBUG][2018-06-19 21:45:17,265][lovepython.py][for_test][125][[[100, 200, 300, 999], [100, 200, 300, 999], [100, 200, 300, 999], [100, 200, 300, 999], [100, 200, 300, 999], [100, 200, 300, 999], [100, 200, 300, 999], [100, 200, 300, 999], [100, 200, 300, 999], [100, 200, 300, 999]]]
[DEBUG][2018-06-19 21:45:51,862][lovepython.py][for_test][124][None]
[DEBUG][2018-06-19 21:45:51,862][lovepython.py][for_test][125][None]
[DEBUG][2018-06-19 21:45:51,863][lovepython.py][for_test][126][[[100, 200, 300, 999], [100, 200, 300, 999], [100, 200, 300, 999], [100, 200, 300, 999], [100, 200, 300, 999], [100, 200, 300, 999], [100, 200, 300, 999], [100, 200, 300, 999], [100, 200, 300, 999], [100, 200, 300, 999], 666]]
[DEBUG][2018-06-19 21:52:36,106][lovepython.py][for_test][129][140557556378184]
[DEBUG][2018-06-19 21:52:36,106][lovepython.py][for_test][130][140557556378376]
[DEBUG][2018-06-19 21:54:33,669][lovepython.py][for_test][130][139978749561352]
[DEBUG][2018-06-19 21:54:33,669][lovepython.py][for_test][131][139978749561544]
[DEBUG][2018-06-19 21:54:33,669][lovepython.py][for_test][133][None]
[DEBUG][2018-06-19 21:54:42,795][lovepython.py][for_test][133][None]
[ERROR][2018-06-19 21:56:44,557][lovepython.py][for_test][133][[100, 200, 300]]
[DEBUG][2018-06-19 21:56:44,557][lovepython.py][for_test][134][None]
[DEBUG][2018-06-19 21:57:47,749][lovepython.py][for_test][133][[100, 200, 300]]
[DEBUG][2018-06-19 21:57:47,749][lovepython.py][for_test][134][None]
[DEBUG][2018-06-19 21:58:32,294][lovepython.py][for_test][133][[100, 200, 300]]
[DEBUG][2018-06-19 21:58:32,294][lovepython.py][for_test][134][None]
[DEBUG][2018-06-19 21:58:32,294][lovepython.py][for_test][135][None]
[DEBUG][2018-06-19 22:15:15,532][lovepython.py][for_test][133][[100, 200, 300]]
[DEBUG][2018-06-19 22:15:15,532][lovepython.py][for_test][134][None]
[DEBUG][2018-06-19 22:15:15,532][lovepython.py][for_test][135][None]
[DEBUG][2018-06-19 22:16:09,602][lovepython.py][for_test][133][[100, 200, 300]]
[DEBUG][2018-06-19 22:16:09,602][lovepython.py][for_test][134][None]
[DEBUG][2018-06-19 22:16:09,602][lovepython.py][for_test][135][[[100, 200, 300, 999], [100, 200, 300, 999], [100, 200, 300, 999], [100, 200, 300, 999], [100, 200, 300, 999], [100, 200, 300, 999], [100, 200, 300, 999], [100, 200, 300, 999], [100, 200, 300, 999], [100, 200, 300, 999]]]
[DEBUG][2018-06-19 22:16:41,315][lovepython.py][for_test][133][[100, 200, 300]]
[DEBUG][2018-06-19 22:16:41,315][lovepython.py][for_test][135][None]
[DEBUG][2018-06-19 22:17:29,613][lovepython.py][for_test][133][[100, 200, 300]]
[DEBUG][2018-06-19 22:17:29,613][lovepython.py][for_test][135][None]
[DEBUG][2018-06-19 22:17:29,613][lovepython.py][for_test][136][[[100, 200, 300], [100, 200, 300], [100, 200, 300], [100, 200, 300], [100, 200, 300], [100, 200, 300], [100, 200, 300], [100, 200, 300], [100, 200, 300], [100, 200, 300], 666]]
[DEBUG][2018-06-19 22:22:42,948][lovepython.py][for_test][141][140004237548040]
[DEBUG][2018-06-19 22:22:42,948][lovepython.py][for_test][142][[[100, 200, 300], [100, 200, 300], [100, 200, 300], [100, 200, 300], [100, 200, 300], [100, 200, 300], [100, 200, 300], [100, 200, 300], [100, 200, 300], [100, 200, 300]]]
[DEBUG][2018-06-19 22:23:00,272][lovepython.py][for_test][141][140128661633544]
[DEBUG][2018-06-19 22:23:00,272][lovepython.py][for_test][142][140128661633608]
[DEBUG][2018-06-19 22:25:41,030][lovepython.py][for_test][139][100]
[DEBUG][2018-06-19 22:25:41,030][lovepython.py][for_test][140][200]
[DEBUG][2018-06-19 22:25:41,030][lovepython.py][for_test][141][300]
[DEBUG][2018-06-19 22:26:00,856][lovepython.py][for_test][139][[100, 200, 300]]
[DEBUG][2018-06-19 22:26:00,856][lovepython.py][for_test][140][[100, 200, 300]]
[DEBUG][2018-06-19 22:26:00,856][lovepython.py][for_test][141][[100, 200, 300]]
[DEBUG][2018-06-19 22:26:00,856][lovepython.py][for_test][142][[100, 200, 300]]
[DEBUG][2018-06-19 22:26:51,160][lovepython.py][for_test][139][139895202917128]
[DEBUG][2018-06-19 22:26:51,160][lovepython.py][for_test][140][139895202917128]
[DEBUG][2018-06-19 22:26:51,161][lovepython.py][for_test][141][139895202917128]
[DEBUG][2018-06-19 22:26:51,161][lovepython.py][for_test][142][139895202917128]
[DEBUG][2018-06-19 22:27:19,222][lovepython.py][for_test][85][140100486204232]
[DEBUG][2018-06-19 22:27:19,222][lovepython.py][for_test][86][140100486204232]
[DEBUG][2018-06-19 22:27:19,222][lovepython.py][for_test][87][140100486204232]
[DEBUG][2018-06-19 22:27:19,222][lovepython.py][for_test][88][140100486204232]
[DEBUG][2018-06-19 22:27:19,222][lovepython.py][for_test][89][140100486204232]
[DEBUG][2018-06-19 22:27:19,222][lovepython.py][for_test][139][140100486204232]
[DEBUG][2018-06-19 22:27:19,222][lovepython.py][for_test][140][140100486204232]
[DEBUG][2018-06-19 22:27:19,222][lovepython.py][for_test][141][140100486204232]
[DEBUG][2018-06-19 22:27:19,222][lovepython.py][for_test][142][140100486204232]
[DEBUG][2018-06-19 22:27:57,972][lovepython.py][for_test][139][139677035408136]
[DEBUG][2018-06-19 22:27:57,972][lovepython.py][for_test][140][139677035408136]
[DEBUG][2018-06-19 22:27:57,972][lovepython.py][for_test][141][139677035408136]
[DEBUG][2018-06-19 22:27:57,972][lovepython.py][for_test][142][139677035408136]
[DEBUG][2018-06-19 22:27:57,972][lovepython.py][for_test][144][9215264]
[DEBUG][2018-06-19 22:27:57,972][lovepython.py][for_test][145][9218464]
[DEBUG][2018-06-19 22:27:57,972][lovepython.py][for_test][146][139677189452400]
[DEBUG][2018-06-19 22:27:57,972][lovepython.py][for_test][148][9215264]
[DEBUG][2018-06-19 22:27:57,972][lovepython.py][for_test][149][9218464]
[DEBUG][2018-06-19 22:27:57,972][lovepython.py][for_test][150][139677189452400]
[DEBUG][2018-06-19 22:30:36,774][lovepython.py][for_test][158][139821718949192]
[DEBUG][2018-06-19 22:30:36,774][lovepython.py][for_test][159][139821718949192]
[DEBUG][2018-06-19 22:30:36,774][lovepython.py][for_test][160][139821718949192]
[DEBUG][2018-06-19 22:30:36,774][lovepython.py][for_test][161][139821718949192]
[DEBUG][2018-06-19 22:30:36,775][lovepython.py][for_test][162][139821718949192]
[DEBUG][2018-06-19 22:31:21,163][lovepython.py][for_test][85][139852169153288]
[DEBUG][2018-06-19 22:31:21,163][lovepython.py][for_test][86][139852169153288]
[DEBUG][2018-06-19 22:31:21,163][lovepython.py][for_test][87][139852169153288]
[DEBUG][2018-06-19 22:31:21,163][lovepython.py][for_test][88][139852169153288]
[DEBUG][2018-06-19 22:31:21,163][lovepython.py][for_test][89][139852169153288]
[DEBUG][2018-06-19 22:31:21,164][lovepython.py][for_test][158][139852169153864]
[DEBUG][2018-06-19 22:31:21,164][lovepython.py][for_test][159][139852169153864]
[DEBUG][2018-06-19 22:31:21,164][lovepython.py][for_test][160][139852169153864]
[DEBUG][2018-06-19 22:31:21,164][lovepython.py][for_test][161][139852169153864]
[DEBUG][2018-06-19 22:31:21,164][lovepython.py][for_test][162][139852169153864]
[DEBUG][2018-06-19 22:33:09,530][lovepython.py][for_test][165][140592235691400]
[DEBUG][2018-06-19 22:33:09,531][lovepython.py][for_test][166][9215264]
[DEBUG][2018-06-19 22:33:28,157][lovepython.py][for_test][165][139767671864648]
[DEBUG][2018-06-19 22:33:28,157][lovepython.py][for_test][166][9215264]
[DEBUG][2018-06-19 22:33:28,157][lovepython.py][for_test][167][9218464]
[DEBUG][2018-06-19 22:33:28,158][lovepython.py][for_test][168][139767825908336]
[DEBUG][2018-06-19 22:33:57,212][lovepython.py][for_test][91][9215264]
[DEBUG][2018-06-19 22:33:57,212][lovepython.py][for_test][92][9218464]
[DEBUG][2018-06-19 22:33:57,212][lovepython.py][for_test][93][139720699699824]
[DEBUG][2018-06-19 22:33:57,212][lovepython.py][for_test][165][139720545656200]
[DEBUG][2018-06-19 22:33:57,212][lovepython.py][for_test][166][9215264]
[DEBUG][2018-06-19 22:33:57,212][lovepython.py][for_test][167][9218464]
[DEBUG][2018-06-19 22:33:57,212][lovepython.py][for_test][168][139720699699824]
[DEBUG][2018-06-19 22:34:04,916][lovepython.py][for_test][85][139888988564232]
[DEBUG][2018-06-19 22:34:04,917][lovepython.py][for_test][91][9215264]
[DEBUG][2018-06-19 22:34:04,917][lovepython.py][for_test][92][9218464]
[DEBUG][2018-06-19 22:34:04,917][lovepython.py][for_test][93][139889142608496]
[DEBUG][2018-06-19 22:34:04,917][lovepython.py][for_test][165][139888988564808]
[DEBUG][2018-06-19 22:34:04,917][lovepython.py][for_test][166][9215264]
[DEBUG][2018-06-19 22:34:04,917][lovepython.py][for_test][167][9218464]
[DEBUG][2018-06-19 22:34:04,917][lovepython.py][for_test][168][139889142608496]
[DEBUG][2018-06-19 22:35:23,120][lovepython.py][for_test][85][140306182023944]
[DEBUG][2018-06-19 22:35:23,120][lovepython.py][for_test][91][9215264]
[DEBUG][2018-06-19 22:35:23,121][lovepython.py][for_test][92][9218464]
[DEBUG][2018-06-19 22:35:23,121][lovepython.py][for_test][93][140306336068208]
[DEBUG][2018-06-19 22:35:23,121][lovepython.py][for_test][140][140306182023944]
[DEBUG][2018-06-19 22:35:23,121][lovepython.py][for_test][145][9215264]
[DEBUG][2018-06-19 22:35:23,121][lovepython.py][for_test][146][9218464]
[DEBUG][2018-06-19 22:35:23,121][lovepython.py][for_test][147][140306336068208]
[DEBUG][2018-06-19 22:35:23,121][lovepython.py][for_test][165][140306182024520]
[DEBUG][2018-06-19 22:35:23,121][lovepython.py][for_test][166][9215264]
[DEBUG][2018-06-19 22:35:23,121][lovepython.py][for_test][167][9218464]
[DEBUG][2018-06-19 22:35:23,121][lovepython.py][for_test][168][140306336068208]
